Determining if the pthread_create exist failed with the following output:
Change Dir: /home/titarta/Desktop/ROSassign2-g02/build/CMakeFiles/CMakeTmp

Run Build Command:"/usr/bin/make" "cmTC_ff2cf/fast"
/usr/bin/make -f CMakeFiles/cmTC_ff2cf.dir/build.make CMakeFiles/cmTC_ff2cf.dir/build
make[1]: Entering directory '/home/titarta/Desktop/ROSassign2-g02/build/CMakeFiles/CMakeTmp'
Building C object CMakeFiles/cmTC_ff2cf.dir/CheckSymbolExists.c.o
/usr/bin/cc     -o CMakeFiles/cmTC_ff2cf.dir/CheckSymbolExists.c.o   -c /home/titarta/Desktop/ROSassign2-g02/build/CMakeFiles/CMakeTmp/CheckSymbolExists.c
Linking C executable cmTC_ff2cf
/usr/bin/cmake -E cmake_link_script CMakeFiles/cmTC_ff2cf.dir/link.txt --verbose=1
/usr/bin/cc       CMakeFiles/cmTC_ff2cf.dir/CheckSymbolExists.c.o  -o cmTC_ff2cf -rdynamic 
CMakeFiles/cmTC_ff2cf.dir/CheckSymbolExists.c.o: In function `main':
CheckSymbolExists.c:(.text+0x16): undefined reference to `pthread_create'
collect2: error: ld returned 1 exit status
CMakeFiles/cmTC_ff2cf.dir/build.make:97: recipe for target 'cmTC_ff2cf' failed
make[1]: *** [cmTC_ff2cf] Error 1
make[1]: Leaving directory '/home/titarta/Desktop/ROSassign2-g02/build/CMakeFiles/CMakeTmp'
Makefile:126: recipe for target 'cmTC_ff2cf/fast' failed
make: *** [cmTC_ff2cf/fast] Error 2

File /home/titarta/Desktop/ROSassign2-g02/build/CMakeFiles/CMakeTmp/CheckSymbolExists.c:
/* */
#include <pthread.h>

int main(int argc, char** argv)
{
  (void)argv;
#ifndef pthread_create
  return ((int*)(&pthread_create))[argc];
#else
  (void)argc;
  return 0;
#endif
}

Determining if the function pthread_create exists in the pthreads failed with the following output:
Change Dir: /home/titarta/Desktop/ROSassign2-g02/build/CMakeFiles/CMakeTmp

Run Build Command:"/usr/bin/make" "cmTC_a98dd/fast"
/usr/bin/make -f CMakeFiles/cmTC_a98dd.dir/build.make CMakeFiles/cmTC_a98dd.dir/build
make[1]: Entering directory '/home/titarta/Desktop/ROSassign2-g02/build/CMakeFiles/CMakeTmp'
Building C object CMakeFiles/cmTC_a98dd.dir/CheckFunctionExists.c.o
/usr/bin/cc    -DCHECK_FUNCTION_EXISTS=pthread_create   -o CMakeFiles/cmTC_a98dd.dir/CheckFunctionExists.c.o   -c /usr/share/cmake-3.5/Modules/CheckFunctionExists.c
Linking C executable cmTC_a98dd
/usr/bin/cmake -E cmake_link_script CMakeFiles/cmTC_a98dd.dir/link.txt --verbose=1
/usr/bin/cc   -DCHECK_FUNCTION_EXISTS=pthread_create    CMakeFiles/cmTC_a98dd.dir/CheckFunctionExists.c.o  -o cmTC_a98dd -rdynamic -lpthreads 
/usr/bin/ld: cannot find -lpthreads
collect2: error: ld returned 1 exit status
CMakeFiles/cmTC_a98dd.dir/build.make:97: recipe for target 'cmTC_a98dd' failed
make[1]: *** [cmTC_a98dd] Error 1
make[1]: Leaving directory '/home/titarta/Desktop/ROSassign2-g02/build/CMakeFiles/CMakeTmp'
Makefile:126: recipe for target 'cmTC_a98dd/fast' failed
make: *** [cmTC_a98dd/fast] Error 2


Determining if the Q_WS_WIN exist failed with the following output:
Change Dir: /home/titarta/Desktop/ROSassign2-g02/build/CMakeFiles/CMakeTmp

Run Build Command:"/usr/bin/make" "cmTC_100ed/fast"
/usr/bin/make -f CMakeFiles/cmTC_100ed.dir/build.make CMakeFiles/cmTC_100ed.dir/build
make[1]: Entering directory '/home/titarta/Desktop/ROSassign2-g02/build/CMakeFiles/CMakeTmp'
Building CXX object CMakeFiles/cmTC_100ed.dir/CheckSymbolExists.cxx.o
/usr/bin/c++    -I/usr/include/qt4   -o CMakeFiles/cmTC_100ed.dir/CheckSymbolExists.cxx.o -c /home/titarta/Desktop/ROSassign2-g02/build/CMakeFiles/CMakeTmp/CheckSymbolExists.cxx
/home/titarta/Desktop/ROSassign2-g02/build/CMakeFiles/CMakeTmp/CheckSymbolExists.cxx: In function ‘int main(int, char**)’:
/home/titarta/Desktop/ROSassign2-g02/build/CMakeFiles/CMakeTmp/CheckSymbolExists.cxx:8:19: error: ‘Q_WS_WIN’ was not declared in this scope
   return ((int*)(&Q_WS_WIN))[argc];
                   ^
CMakeFiles/cmTC_100ed.dir/build.make:65: recipe for target 'CMakeFiles/cmTC_100ed.dir/CheckSymbolExists.cxx.o' failed
make[1]: *** [CMakeFiles/cmTC_100ed.dir/CheckSymbolExists.cxx.o] Error 1
make[1]: Leaving directory '/home/titarta/Desktop/ROSassign2-g02/build/CMakeFiles/CMakeTmp'
Makefile:126: recipe for target 'cmTC_100ed/fast' failed
make: *** [cmTC_100ed/fast] Error 2

File /home/titarta/Desktop/ROSassign2-g02/build/CMakeFiles/CMakeTmp/CheckSymbolExists.cxx:
/* */
#include <QtCore/qglobal.h>

int main(int argc, char** argv)
{
  (void)argv;
#ifndef Q_WS_WIN
  return ((int*)(&Q_WS_WIN))[argc];
#else
  (void)argc;
  return 0;
#endif
}

Determining if the Q_WS_QWS exist failed with the following output:
Change Dir: /home/titarta/Desktop/ROSassign2-g02/build/CMakeFiles/CMakeTmp

Run Build Command:"/usr/bin/make" "cmTC_62562/fast"
/usr/bin/make -f CMakeFiles/cmTC_62562.dir/build.make CMakeFiles/cmTC_62562.dir/build
make[1]: Entering directory '/home/titarta/Desktop/ROSassign2-g02/build/CMakeFiles/CMakeTmp'
Building CXX object CMakeFiles/cmTC_62562.dir/CheckSymbolExists.cxx.o
/usr/bin/c++    -I/usr/include/qt4   -o CMakeFiles/cmTC_62562.dir/CheckSymbolExists.cxx.o -c /home/titarta/Desktop/ROSassign2-g02/build/CMakeFiles/CMakeTmp/CheckSymbolExists.cxx
/home/titarta/Desktop/ROSassign2-g02/build/CMakeFiles/CMakeTmp/CheckSymbolExists.cxx: In function ‘int main(int, char**)’:
/home/titarta/Desktop/ROSassign2-g02/build/CMakeFiles/CMakeTmp/CheckSymbolExists.cxx:8:19: error: ‘Q_WS_QWS’ was not declared in this scope
   return ((int*)(&Q_WS_QWS))[argc];
                   ^
CMakeFiles/cmTC_62562.dir/build.make:65: recipe for target 'CMakeFiles/cmTC_62562.dir/CheckSymbolExists.cxx.o' failed
make[1]: *** [CMakeFiles/cmTC_62562.dir/CheckSymbolExists.cxx.o] Error 1
make[1]: Leaving directory '/home/titarta/Desktop/ROSassign2-g02/build/CMakeFiles/CMakeTmp'
Makefile:126: recipe for target 'cmTC_62562/fast' failed
make: *** [cmTC_62562/fast] Error 2

File /home/titarta/Desktop/ROSassign2-g02/build/CMakeFiles/CMakeTmp/CheckSymbolExists.cxx:
/* */
#include <QtCore/qglobal.h>

int main(int argc, char** argv)
{
  (void)argv;
#ifndef Q_WS_QWS
  return ((int*)(&Q_WS_QWS))[argc];
#else
  (void)argc;
  return 0;
#endif
}

Determining if the Q_WS_MAC exist failed with the following output:
Change Dir: /home/titarta/Desktop/ROSassign2-g02/build/CMakeFiles/CMakeTmp

Run Build Command:"/usr/bin/make" "cmTC_72cd5/fast"
/usr/bin/make -f CMakeFiles/cmTC_72cd5.dir/build.make CMakeFiles/cmTC_72cd5.dir/build
make[1]: Entering directory '/home/titarta/Desktop/ROSassign2-g02/build/CMakeFiles/CMakeTmp'
Building CXX object CMakeFiles/cmTC_72cd5.dir/CheckSymbolExists.cxx.o
/usr/bin/c++    -I/usr/include/qt4   -o CMakeFiles/cmTC_72cd5.dir/CheckSymbolExists.cxx.o -c /home/titarta/Desktop/ROSassign2-g02/build/CMakeFiles/CMakeTmp/CheckSymbolExists.cxx
/home/titarta/Desktop/ROSassign2-g02/build/CMakeFiles/CMakeTmp/CheckSymbolExists.cxx: In function ‘int main(int, char**)’:
/home/titarta/Desktop/ROSassign2-g02/build/CMakeFiles/CMakeTmp/CheckSymbolExists.cxx:8:19: error: ‘Q_WS_MAC’ was not declared in this scope
   return ((int*)(&Q_WS_MAC))[argc];
                   ^
CMakeFiles/cmTC_72cd5.dir/build.make:65: recipe for target 'CMakeFiles/cmTC_72cd5.dir/CheckSymbolExists.cxx.o' failed
make[1]: *** [CMakeFiles/cmTC_72cd5.dir/CheckSymbolExists.cxx.o] Error 1
make[1]: Leaving directory '/home/titarta/Desktop/ROSassign2-g02/build/CMakeFiles/CMakeTmp'
Makefile:126: recipe for target 'cmTC_72cd5/fast' failed
make: *** [cmTC_72cd5/fast] Error 2

File /home/titarta/Desktop/ROSassign2-g02/build/CMakeFiles/CMakeTmp/CheckSymbolExists.cxx:
/* */
#include <QtCore/qglobal.h>

int main(int argc, char** argv)
{
  (void)argv;
#ifndef Q_WS_MAC
  return ((int*)(&Q_WS_MAC))[argc];
#else
  (void)argc;
  return 0;
#endif
}

